<?xml version="1.0" encoding="UTF-8"?>
<!-- Generated by org.testng.reporters.JUnitReportReporter -->
<testsuite hostname="DESKTOP-N2H8RKP" failures="0" tests="1" name="com.testClasses.Login_Test" time="7.421" errors="0" timestamp="2023-10-20T23:15:38 IST" skipped="0">
  <testcase classname="com.testClasses.Login_Test" name="LoginPage" time="7.421"/>
  <system-out/>
</testsuite> <!-- com.testClasses.Login_Test -->
